Removed Pin From Net: NetName=GND Pin=R8-1
Removed Pin From Net: NetName=GND Pin=R9-1
Removed Pin From Net: NetName=GND Pin=R10-1
Removed Pin From Net: NetName=VCC+ Pin=U1-4
Removed Pin From Net: NetName=VCC- Pin=U1-11
Removed Pin From Net: NetName=NetR3_2 Pin=U2-2
Removed Pin From Net: NetName=NetR1_1 Pin=U2-3
Removed Pin From Net: NetName=VCC+ Pin=U2-4
Removed Pin From Net: NetName=VCC- Pin=U2-11
Removed Pin From Net: NetName=PID_OUT Pin=U3-1
Removed Pin From Net: NetName=NetR12_1 Pin=U3-3
Removed Pin From Net: NetName=VCC+ Pin=U3-4
Removed Pin From Net: NetName=VCC- Pin=U3-11
Removed Member From Class: ClassName=Hot_Water_Dispensar Member=C7
Removed Member From Class: ClassName=Hot_Water_Dispensar Member=C8
Removed Member From Class: ClassName=Hot_Water_Dispensar Member=R5
Removed Member From Class: ClassName=Hot_Water_Dispensar Member=R6
Removed Member From Class: ClassName=Hot_Water_Dispensar Member=R7
Removed Member From Class: ClassName=Hot_Water_Dispensar Member=R8
Removed Member From Class: ClassName=Hot_Water_Dispensar Member=R9
Removed Member From Class: ClassName=Hot_Water_Dispensar Member=R10
Removed Member From Class: ClassName=Hot_Water_Dispensar Member=R13
Removed Member From Class: ClassName=Hot_Water_Dispensar Member=R14
Removed Member From Class: ClassName=Hot_Water_Dispensar Member=R15
Removed Member From Class: ClassName=Hot_Water_Dispensar Member=U1
Removed Member From Class: ClassName=Hot_Water_Dispensar Member=U2
Removed Member From Class: ClassName=Hot_Water_Dispensar Member=U3
Removed Member From Class: ClassName=Hot_Water_Dispensar Member=VR1
Removed Member From Class: ClassName=Hot_Water_Dispensar Member=VR2
Removed Member From Class: ClassName=Hot_Water_Dispensar Member=VR3
Added Component: Designator=J5(TE_282837-3)
Add component. Clean all parameters for all variants
Add component (AddParameter): Name = "Comment_1"; Value = ""; VariantName = "[No Variations]"
Add component (AddParameter): Name = "Digi-Key_Part_Number"; Value = "A113321-ND"; VariantName = "[No Variations]"
Add component (AddParameter): Name = "Digi-Key_Purchase_URL"; Value = "https://www.digikey.in/product-detail/en/te-connectivity-amp-connectors/282837-3/A113321-ND/2187974?utm_source=snapeda&utm_medium=aggregator&utm_campaign=symbol"; VariantName = "[No Variations]"
Add component (AddParameter): Name = "MF"; Value = "TE Connectivity"; VariantName = "[No Variations]"
Add component (AddParameter): Name = "MP"; Value = "282837-3"; VariantName = "[No Variations]"
Add component (AddParameter): Name = "Package"; Value = "None"; VariantName = "[No Variations]"
Add component (AddParameter): Name = "SnapEDA_Link"; Value = "https://www.snapeda.com/parts/282837-3/TE%20Connectivity%20AMP%20Connectors/view-part/2765182/?ref=snap"; VariantName = "[No Variations]"
Add component (AddParameter): Name = "TE_purchase_URL"; Value = "https://www.te.com/usa-en/product-282837-3.html?te_bu=Cor&te_type=disp&te_campaign=seda_glo_cor-seda-global-disp-prtnr-fy19-seda-model-bom-cta_sma-317_1&elqCampaignId=32493"; VariantName = "[No Variations]"
Add component (AddParameter): Name = "Value"; Value = "3pin"; VariantName = "[No Variations]"
Added Component: Designator=J6(TE_282837-3)
Add component. Clean all parameters for all variants
Add component (AddParameter): Name = "Comment_1"; Value = ""; VariantName = "[No Variations]"
Add component (AddParameter): Name = "Digi-Key_Part_Number"; Value = "A113321-ND"; VariantName = "[No Variations]"
Add component (AddParameter): Name = "Digi-Key_Purchase_URL"; Value = "https://www.digikey.in/product-detail/en/te-connectivity-amp-connectors/282837-3/A113321-ND/2187974?utm_source=snapeda&utm_medium=aggregator&utm_campaign=symbol"; VariantName = "[No Variations]"
Add component (AddParameter): Name = "MF"; Value = "TE Connectivity"; VariantName = "[No Variations]"
Add component (AddParameter): Name = "MP"; Value = "282837-3"; VariantName = "[No Variations]"
Add component (AddParameter): Name = "Package"; Value = "None"; VariantName = "[No Variations]"
Add component (AddParameter): Name = "SnapEDA_Link"; Value = "https://www.snapeda.com/parts/282837-3/TE%20Connectivity%20AMP%20Connectors/view-part/2765182/?ref=snap"; VariantName = "[No Variations]"
Add component (AddParameter): Name = "TE_purchase_URL"; Value = "https://www.te.com/usa-en/product-282837-3.html?te_bu=Cor&te_type=disp&te_campaign=seda_glo_cor-seda-global-disp-prtnr-fy19-seda-model-bom-cta_sma-317_1&elqCampaignId=32493"; VariantName = "[No Variations]"
Add component (AddParameter): Name = "Value"; Value = "3pin"; VariantName = "[No Variations]"
Added Component: Designator=U(DIP794W45P254L959H508Q8)
Add component. Clean all parameters for all variants
Add component (AddParameter): Name = "Availability"; Value = "Unavailable"; VariantName = "[No Variations]"
Add component (AddParameter): Name = "MF"; Value = "Texas Instruments"; VariantName = "[No Variations]"
Add component (AddParameter): Name = "MP"; Value = "UA741CP"; VariantName = "[No Variations]"
Add component (AddParameter): Name = "Package"; Value = "PDIP-8 Texas Instruments"; VariantName = "[No Variations]"
Add component (AddParameter): Name = "Price"; Value = "None"; VariantName = "[No Variations]"
Add component (AddParameter): Name = "SnapEDA_Link"; Value = "https://www.snapeda.com/parts/UA741CP/Texas%20Instruments/view-part/50768/?ref=snap"; VariantName = "[No Variations]"
Add component (AddParameter): Name = "Texas_Instruments-Purchase-URL"; Value = "https://snapeda.com/shop?store=Texas+Instruments&id=50768"; VariantName = "[No Variations]"
Add component (AddParameter): Name = "Value"; Value = ""; VariantName = "[No Variations]"
Added Component: Designator=U(DIP794W45P254L959H508Q8)
Add component. Clean all parameters for all variants
Add component (AddParameter): Name = "Availability"; Value = "Unavailable"; VariantName = "[No Variations]"
Add component (AddParameter): Name = "MF"; Value = "Texas Instruments"; VariantName = "[No Variations]"
Add component (AddParameter): Name = "MP"; Value = "UA741CP"; VariantName = "[No Variations]"
Add component (AddParameter): Name = "Package"; Value = "PDIP-8 Texas Instruments"; VariantName = "[No Variations]"
Add component (AddParameter): Name = "Price"; Value = "None"; VariantName = "[No Variations]"
Add component (AddParameter): Name = "SnapEDA_Link"; Value = "https://www.snapeda.com/parts/UA741CP/Texas%20Instruments/view-part/50768/?ref=snap"; VariantName = "[No Variations]"
Add component (AddParameter): Name = "Texas_Instruments-Purchase-URL"; Value = "https://snapeda.com/shop?store=Texas+Instruments&id=50768"; VariantName = "[No Variations]"
Add component (AddParameter): Name = "Value"; Value = ""; VariantName = "[No Variations]"
Added Pin To Net: NetName=NetR3_2 Pin=U-2
Added Pin To Net: NetName=NetR1_1 Pin=U-3
Added Pin To Net: NetName=NetR12_1 Pin=U-3
Added Pin To Net: NetName=VCC- Pin=U-4
Added Pin To Net: NetName=VCC- Pin=U-4
Added Pin To Net: NetName=PID_OUT Pin=U-6
Added Pin To Net: NetName=VCC+ Pin=U-7
Added Pin To Net: NetName=VCC+ Pin=U-7
Added Pin To Net: NetName=NetJ5_1 Pin=J5-1
Added Pin To Net: NetName=NetJ5_1 Pin=J5-2
Added Pin To Net: NetName=NetJ5_1 Pin=R11-2
Added Pin To Net: NetName=NetJ5_1 Pin=U-2
Added Net: Name=NetJ5_1
Added Pin To Net: NetName=NetJ6_1 Pin=J6-1
Added Pin To Net: NetName=NetJ6_1 Pin=J6-2
Added Pin To Net: NetName=NetJ6_1 Pin=J6-3
Added Pin To Net: NetName=NetJ6_1 Pin=R4-2
Added Pin To Net: NetName=NetJ6_1 Pin=U-6
Added Net: Name=NetJ6_1
Added Member To Class: ClassName=Hot_Water_Dispensar Member=Component J5 control out
Added Member To Class: ClassName=Hot_Water_Dispensar Member=Component J6 Control in
Added Member To Class: ClassName=Hot_Water_Dispensar Member=Component U UA741CP
Added Member To Class: ClassName=Hot_Water_Dispensar Member=Component U LM7905CT/NOPB
Added Room: Name=Hot_Water_Dispensar
