Removed Pin From Net: NetName=GND Pin=J1-1
Removed Pin From Net: NetName=VCC+ Pin=J1-3
Removed Pin From Net: NetName=VCC- Pin=J2-1
Removed Pin From Net: NetName=GND Pin=J2-3
Removed Pin From Net: NetName=GND Pin=J-2
Removed Pin From Net: NetName=NetR1_2 Pin=R1-2
Removed Pin From Net: NetName=GND Pin=R2-2
Removed Pin From Net: NetName=GND Pin=R4-2
Removed Pin From Net: NetName=NetR11_2 Pin=R11-2
Removed Pin From Net: NetName=D Pin=R13-2
Removed Pin From Net: NetName=I Pin=R14-2
Removed Pin From Net: NetName=GND Pin=R15-1
Removed Pin From Net: NetName=P Pin=R15-2
Removed Pin From Net: NetName=GND Pin=R16-1
Removed Pin From Net: NetName=D Pin=R16-2
Removed Pin From Net: NetName=GND Pin=R17-1
Removed Pin From Net: NetName=I Pin=R17-2
Removed Pin From Net: NetName=GND Pin=R18-1
Removed Pin From Net: NetName=P Pin=R18-2
Removed Pin From Net: NetName=P Pin=U1-3
Removed Pin From Net: NetName=VCC+ Pin=U1-4
Removed Pin From Net: NetName=I Pin=U1-5
Removed Pin From Net: NetName=NetR9_1 Pin=U1-8
Removed Pin From Net: NetName=D Pin=U1-10
Removed Pin From Net: NetName=VCC- Pin=U1-11
Removed Pin From Net: NetName=VCC- Pin=U-4
Removed Pin From Net: NetName=NetR11_2 Pin=U-6
Removed Pin From Net: NetName=VCC+ Pin=U-7
Removed Pin From Net: NetName=NetR1_2 Pin=Us-2
Removed Pin From Net: NetName=NetR4_1 Pin=Us-3
Removed Pin From Net: NetName=VCC- Pin=Us-4
Removed Pin From Net: NetName=VCC+ Pin=Us-7
Change Component Footprint: Designator=J1 Old Footprint=TE_282837-3 New Footprint=PHOENIX_1935161
Change Component Comment : Designator=J1 Old Comment=Set_Point New Comment=1935161
Added Component: Designator=C7(RAD-0.3)
Add component. Clean all parameters for all variants
Add component (AddParameter): Name = "LatestRevisionDate"; Value = "17-Jul-2002"; VariantName = "[No Variations]"
Add component (AddParameter): Name = "LatestRevisionNote"; Value = "Re-released for DXP Platform."; VariantName = "[No Variations]"
Add component (AddParameter): Name = "PackageDescription"; Value = "Radial Cap, Thru-Hole; 2 Leads; 0.3 in Pin Spacing"; VariantName = "[No Variations]"
Add component (AddParameter): Name = "PackageReference"; Value = "RAD-0.3"; VariantName = "[No Variations]"
Add component (AddParameter): Name = "Published"; Value = "8-Jun-2000"; VariantName = "[No Variations]"
Add component (AddParameter): Name = "Publisher"; Value = "Altium Limited"; VariantName = "[No Variations]"
Add component (AddParameter): Name = "Value"; Value = "22pF"; VariantName = "[No Variations]"
Added Component: Designator=C8(RAD-0.3)
Add component. Clean all parameters for all variants
Add component (AddParameter): Name = "LatestRevisionDate"; Value = "17-Jul-2002"; VariantName = "[No Variations]"
Add component (AddParameter): Name = "LatestRevisionNote"; Value = "Re-released for DXP Platform."; VariantName = "[No Variations]"
Add component (AddParameter): Name = "PackageDescription"; Value = "Radial Cap, Thru-Hole; 2 Leads; 0.3 in Pin Spacing"; VariantName = "[No Variations]"
Add component (AddParameter): Name = "PackageReference"; Value = "RAD-0.3"; VariantName = "[No Variations]"
Add component (AddParameter): Name = "Published"; Value = "8-Jun-2000"; VariantName = "[No Variations]"
Add component (AddParameter): Name = "Publisher"; Value = "Altium Limited"; VariantName = "[No Variations]"
Add component (AddParameter): Name = "Value"; Value = "22pF"; VariantName = "[No Variations]"
Added Component: Designator=power(TE_282834-3)
Add component. Clean all parameters for all variants
Add component (AddParameter): Name = "Comment_1"; Value = ""; VariantName = "[No Variations]"
Add component (AddParameter): Name = "Digi-Key_Part_Number"; Value = "A98334-ND"; VariantName = "[No Variations]"
Add component (AddParameter): Name = "Digi-Key_Purchase_URL"; Value = "https://www.digikey.com/product-detail/en/te-connectivity-amp-connectors/282834-3/A98334-ND/1153264?utm_source=snapeda&utm_medium=aggregator&utm_campaign=symbol"; VariantName = "[No Variations]"
Add component (AddParameter): Name = "EU_RoHS_Compliance"; Value = "Compliant with Exemptions"; VariantName = "[No Variations]"
Add component (AddParameter): Name = "MF"; Value = "TE Connectivity"; VariantName = "[No Variations]"
Add component (AddParameter): Name = "MP"; Value = "282834-3"; VariantName = "[No Variations]"
Add component (AddParameter): Name = "Package"; Value = "None"; VariantName = "[No Variations]"
Add component (AddParameter): Name = "SnapEDA_Link"; Value = "https://www.snapeda.com/parts/282834-3/TE%20Connectivity%20AMP%20Connectors/view-part/398089/?ref=snap"; VariantName = "[No Variations]"
Add component (AddParameter): Name = "TE_purchase_URL"; Value = "https://www.te.com/usa-en/product-282834-3.html?te_bu=Cor&te_type=disp&te_campaign=seda_glo_cor-seda-global-disp-prtnr-fy19-seda-model-bom-cta_sma-317_1&elqCampaignId=32493"; VariantName = "[No Variations]"
Add component (AddParameter): Name = "Value"; Value = ""; VariantName = "[No Variations]"
Added Component: Designator=U3(DIP794W45P254L1969H508Q14)
Add component. Clean all parameters for all variants
Add component (AddParameter): Name = "Availability"; Value = "Good"; VariantName = "[No Variations]"
Add component (AddParameter): Name = "Check_prices"; Value = "https://www.snapeda.com/parts/TL074IN/STMicroelectronics/view-part/481259/?ref=eda"; VariantName = "[No Variations]"
Add component (AddParameter): Name = "MF"; Value = "STMicroelectronics"; VariantName = "[No Variations]"
Add component (AddParameter): Name = "MP"; Value = "TL074IN"; VariantName = "[No Variations]"
Add component (AddParameter): Name = "Package"; Value = "DIP-14 Texas Instruments"; VariantName = "[No Variations]"
Add component (AddParameter): Name = "Price"; Value = "None"; VariantName = "[No Variations]"
Add component (AddParameter): Name = "Purchase-URL"; Value = "https://pricing.snapeda.com/search/part/TL074IN/?ref=eda"; VariantName = "[No Variations]"
Add component (AddParameter): Name = "SnapEDA_Link"; Value = "https://www.snapeda.com/parts/TL074IN/STMicroelectronics/view-part/481259/?ref=snap"; VariantName = "[No Variations]"
Add component (AddParameter): Name = "Value"; Value = ""; VariantName = "[No Variations]"
Added Pin To Net: NetName=NetR11_2 Pin=J1-1
Added Pin To Net: NetName=NetR11_2 Pin=J1-2
Added Pin To Net: NetName=NetR1_2 Pin=J-1
Added Pin To Net: NetName=NetR1_2 Pin=J-2
Added Pin To Net: NetName=VCC+ Pin=power-1
Added Pin To Net: NetName=VCC- Pin=power-2
Added Pin To Net: NetName=GND Pin=power-3
Added Pin To Net: NetName=GND Pin=R12-1
Added Pin To Net: NetName=D Pin=R12-2
Added Pin To Net: NetName=I Pin=R13-2
Added Pin To Net: NetName=P Pin=R14-2
Added Pin To Net: NetName=NetR4_1 Pin=U3-2
Added Pin To Net: NetName=P Pin=U3-3
Added Pin To Net: NetName=VCC+ Pin=U3-4
Added Pin To Net: NetName=I Pin=U3-5
Added Pin To Net: NetName=NetR9_1 Pin=U3-8
Added Pin To Net: NetName=D Pin=U3-10
Added Pin To Net: NetName=VCC- Pin=U3-11
Added Pin To Net: NetName=NetR4_1 Pin=VR1-2
Change Net Name : Old Net Name=NetR1_2 New Net Name=NetJ_1
Change Net Name : Old Net Name=NetR11_2 New Net Name=NetJ1_1
Added Pin To Net: NetName=NetC7_1 Pin=C7-1
Added Pin To Net: NetName=NetC7_1 Pin=VR3-2
Added Net: Name=NetC7_1
Added Pin To Net: NetName=NetC7_2 Pin=C7-2
Added Pin To Net: NetName=NetC7_2 Pin=R10-1
Added Pin To Net: NetName=NetC7_2 Pin=U3-9
Added Net: Name=NetC7_2
Added Pin To Net: NetName=NetC8_1 Pin=C8-1
Added Pin To Net: NetName=NetC8_1 Pin=R15-2
Added Pin To Net: NetName=NetC8_1 Pin=U3-6
Added Pin To Net: NetName=NetC8_1 Pin=VR2-2
Added Net: Name=NetC8_1
Added Pin To Net: NetName=NetC8_2 Pin=C8-2
Added Pin To Net: NetName=NetC8_2 Pin=R7-1
Added Pin To Net: NetName=NetC8_2 Pin=R15-1
Added Pin To Net: NetName=NetC8_2 Pin=U3-7
Added Net: Name=NetC8_2
Added Pin To Net: NetName=NetR4_2 Pin=R4-2
Added Pin To Net: NetName=NetR4_2 Pin=R6-1
Added Pin To Net: NetName=NetR4_2 Pin=U3-1
Added Net: Name=NetR4_2
Added Member To Class: ClassName=PID_controller Member=Component C7 Cap
Added Member To Class: ClassName=PID_controller Member=Component C8 Cap
Added Member To Class: ClassName=PID_controller Member=Component power 282834-3
Added Member To Class: ClassName=PID_controller Member=Component U3 TL074IN
Added Room: Name=PID_controller
