Removed Pin From Net: NetName=NetR3_2 Pin=R6-1
Removed Pin From Net: NetName=NetC1_2 Pin=R10-1
Removed Pin From Net: NetName=NetR9_1 Pin=R10-2
Removed Pin From Net: NetName=NetC2_2 Pin=R12-1
Removed Pin From Net: NetName=NetC2_1 Pin=R12-2
Removed Pin From Net: NetName=NetR3_2 Pin=U1-1
Removed Pin From Net: NetName=NetR3_1 Pin=U1-2
Removed Pin From Net: NetName=P Pin=U1-3
Removed Pin From Net: NetName=VCC+ Pin=U1-4
Removed Pin From Net: NetName=I Pin=U1-5
Removed Pin From Net: NetName=NetC2_1 Pin=U1-6
Removed Pin From Net: NetName=NetC2_2 Pin=U1-7
Removed Pin From Net: NetName=NetR9_1 Pin=U1-8
Removed Pin From Net: NetName=NetC1_2 Pin=U1-9
Removed Pin From Net: NetName=D Pin=U1-10
Removed Pin From Net: NetName=VCC- Pin=U1-11
Removed Pin From Net: NetName=NetR11_2 Pin=U2-1
Removed Pin From Net: NetName=NetR8_2 Pin=U2-2
Removed Pin From Net: NetName=NetR2_1 Pin=U2-3
Removed Pin From Net: NetName=VCC+ Pin=U2-4
Removed Pin From Net: NetName=VCC- Pin=U2-11
Removed Pin From Net: NetName=NetJ_1 Pin=U3-1
Removed Pin From Net: NetName=NetR1_2 Pin=U3-2
Removed Pin From Net: NetName=NetR4_1 Pin=U3-3
Removed Pin From Net: NetName=VCC+ Pin=U3-4
Removed Pin From Net: NetName=VCC- Pin=U3-11
Removed Pin From Net: NetName=NetR3_1 Pin=VR1-2
Removed Pin From Net: NetName=NetR11_2 Pin=VR3-1
Removed Member From Class: ClassName=PID_controller Member=U2
Removed Member From Class: ClassName=PID_controller Member=U3
Change Component Footprint: Designator=U1 Old Footprint=DIP794W45P254L1969H508Q14 New Footprint=DIP794W45P254L959H508Q8
Change Component Comment : Designator=U1 Old Comment=TL074IN New Comment=UA741CP
Change component parameters: Designator = "U1"; Footprint = "DIP794W45P254L959H508Q8"; UniqueID = "\JSRAFQYA"
Change component parameters. Clean all parameters for all variants
Change component parameters (AddParameter): Name = "Availability"; Value = "Unavailable"; VariantName = "[No Variations]"
Change component parameters (AddParameter): Name = "MF"; Value = "Texas Instruments"; VariantName = "[No Variations]"
Change component parameters (AddParameter): Name = "MP"; Value = "UA741CP"; VariantName = "[No Variations]"
Change component parameters (AddParameter): Name = "Package"; Value = "PDIP-8 Texas Instruments"; VariantName = "[No Variations]"
Change component parameters (AddParameter): Name = "Price"; Value = "None"; VariantName = "[No Variations]"
Change component parameters (AddParameter): Name = "SnapEDA_Link"; Value = "https://www.snapeda.com/parts/UA741CP/Texas%20Instruments/view-part/50768/?ref=snap"; VariantName = "[No Variations]"
Change component parameters (AddParameter): Name = "Texas_Instruments-Purchase-URL"; Value = "https://snapeda.com/shop?store=Texas+Instruments&id=50768"; VariantName = "[No Variations]"
Change component parameters (AddParameter): Name = "Value"; Value = ""; VariantName = "[No Variations]"
Added Component: Designator=Ud(DIP794W45P254L959H508Q8)
Add component. Clean all parameters for all variants
Add component (AddParameter): Name = "Availability"; Value = "Unavailable"; VariantName = "[No Variations]"
Add component (AddParameter): Name = "MF"; Value = "Texas Instruments"; VariantName = "[No Variations]"
Add component (AddParameter): Name = "MP"; Value = "UA741CP"; VariantName = "[No Variations]"
Add component (AddParameter): Name = "Package"; Value = "PDIP-8 Texas Instruments"; VariantName = "[No Variations]"
Add component (AddParameter): Name = "Price"; Value = "None"; VariantName = "[No Variations]"
Add component (AddParameter): Name = "SnapEDA_Link"; Value = "https://www.snapeda.com/parts/UA741CP/Texas%20Instruments/view-part/50768/?ref=snap"; VariantName = "[No Variations]"
Add component (AddParameter): Name = "Texas_Instruments-Purchase-URL"; Value = "https://snapeda.com/shop?store=Texas+Instruments&id=50768"; VariantName = "[No Variations]"
Add component (AddParameter): Name = "Value"; Value = ""; VariantName = "[No Variations]"
Added Component: Designator=Ui(DIP794W45P254L959H508Q8)
Add component. Clean all parameters for all variants
Add component (AddParameter): Name = "Availability"; Value = "Unavailable"; VariantName = "[No Variations]"
Add component (AddParameter): Name = "MF"; Value = "Texas Instruments"; VariantName = "[No Variations]"
Add component (AddParameter): Name = "MP"; Value = "UA741CP"; VariantName = "[No Variations]"
Add component (AddParameter): Name = "Package"; Value = "PDIP-8 Texas Instruments"; VariantName = "[No Variations]"
Add component (AddParameter): Name = "Price"; Value = "None"; VariantName = "[No Variations]"
Add component (AddParameter): Name = "SnapEDA_Link"; Value = "https://www.snapeda.com/parts/UA741CP/Texas%20Instruments/view-part/50768/?ref=snap"; VariantName = "[No Variations]"
Add component (AddParameter): Name = "Texas_Instruments-Purchase-URL"; Value = "https://snapeda.com/shop?store=Texas+Instruments&id=50768"; VariantName = "[No Variations]"
Add component (AddParameter): Name = "Value"; Value = ""; VariantName = "[No Variations]"
Added Component: Designator=Up(DIP794W45P254L959H508Q8)
Add component. Clean all parameters for all variants
Add component (AddParameter): Name = "Availability"; Value = "Unavailable"; VariantName = "[No Variations]"
Add component (AddParameter): Name = "MF"; Value = "Texas Instruments"; VariantName = "[No Variations]"
Add component (AddParameter): Name = "MP"; Value = "UA741CP"; VariantName = "[No Variations]"
Add component (AddParameter): Name = "Package"; Value = "PDIP-8 Texas Instruments"; VariantName = "[No Variations]"
Add component (AddParameter): Name = "Price"; Value = "None"; VariantName = "[No Variations]"
Add component (AddParameter): Name = "SnapEDA_Link"; Value = "https://www.snapeda.com/parts/UA741CP/Texas%20Instruments/view-part/50768/?ref=snap"; VariantName = "[No Variations]"
Add component (AddParameter): Name = "Texas_Instruments-Purchase-URL"; Value = "https://snapeda.com/shop?store=Texas+Instruments&id=50768"; VariantName = "[No Variations]"
Add component (AddParameter): Name = "Value"; Value = ""; VariantName = "[No Variations]"
Added Component: Designator=Us(DIP794W45P254L959H508Q8)
Add component. Clean all parameters for all variants
Add component (AddParameter): Name = "Availability"; Value = "Unavailable"; VariantName = "[No Variations]"
Add component (AddParameter): Name = "MF"; Value = "Texas Instruments"; VariantName = "[No Variations]"
Add component (AddParameter): Name = "MP"; Value = "UA741CP"; VariantName = "[No Variations]"
Add component (AddParameter): Name = "Package"; Value = "PDIP-8 Texas Instruments"; VariantName = "[No Variations]"
Add component (AddParameter): Name = "Price"; Value = "None"; VariantName = "[No Variations]"
Add component (AddParameter): Name = "SnapEDA_Link"; Value = "https://www.snapeda.com/parts/UA741CP/Texas%20Instruments/view-part/50768/?ref=snap"; VariantName = "[No Variations]"
Add component (AddParameter): Name = "Texas_Instruments-Purchase-URL"; Value = "https://snapeda.com/shop?store=Texas+Instruments&id=50768"; VariantName = "[No Variations]"
Add component (AddParameter): Name = "Value"; Value = ""; VariantName = "[No Variations]"
Added Pin To Net: NetName=NetR3_1 Pin=R6-1
Added Pin To Net: NetName=NetC2_1 Pin=R10-1
Added Pin To Net: NetName=NetC2_2 Pin=R10-2
Added Pin To Net: NetName=NetR9_1 Pin=R12-1
Added Pin To Net: NetName=NetC1_2 Pin=R12-2
Added Pin To Net: NetName=NetR8_2 Pin=U1-2
Added Pin To Net: NetName=NetR2_1 Pin=U1-3
Added Pin To Net: NetName=VCC- Pin=U1-4
Added Pin To Net: NetName=NetR11_2 Pin=U1-6
Added Pin To Net: NetName=VCC+ Pin=U1-7
Added Pin To Net: NetName=NetC1_2 Pin=Ud-2
Added Pin To Net: NetName=D Pin=Ud-3
Added Pin To Net: NetName=VCC- Pin=Ud-4
Added Pin To Net: NetName=NetR9_1 Pin=Ud-6
Added Pin To Net: NetName=VCC+ Pin=Ud-7
Added Pin To Net: NetName=NetC2_1 Pin=Ui-2
Added Pin To Net: NetName=I Pin=Ui-3
Added Pin To Net: NetName=VCC- Pin=Ui-4
Added Pin To Net: NetName=NetC2_2 Pin=Ui-6
Added Pin To Net: NetName=VCC+ Pin=Ui-7
Added Pin To Net: NetName=NetR3_2 Pin=Up-2
Added Pin To Net: NetName=P Pin=Up-3
Added Pin To Net: NetName=VCC- Pin=Up-4
Added Pin To Net: NetName=NetR3_1 Pin=Up-6
Added Pin To Net: NetName=VCC+ Pin=Up-7
Added Pin To Net: NetName=NetR1_2 Pin=Us-2
Added Pin To Net: NetName=NetR4_1 Pin=Us-3
Added Pin To Net: NetName=VCC- Pin=Us-4
Added Pin To Net: NetName=NetJ_1 Pin=Us-6
Added Pin To Net: NetName=VCC+ Pin=Us-7
Added Pin To Net: NetName=NetR3_2 Pin=VR1-2
Added Pin To Net: NetName=NetR11_2 Pin=VR3-3
Added Member To Class: ClassName=PID_controller Member=Component Ud UA741CP
Added Member To Class: ClassName=PID_controller Member=Component Ui UA741CP
Added Member To Class: ClassName=PID_controller Member=Component Up UA741CP
Added Member To Class: ClassName=PID_controller Member=Component Us UA741CP
Added Room: Name=PID_controller
