Removed Pin From Net: NetName=NetR3_1 Pin=R6-1
Removed Pin From Net: NetName=NetC2_1 Pin=R10-1
Removed Pin From Net: NetName=NetC2_2 Pin=R10-2
Removed Pin From Net: NetName=NetR9_1 Pin=R12-1
Removed Pin From Net: NetName=NetC1_2 Pin=R12-2
Removed Pin From Net: NetName=NetC1_2 Pin=Ud-2
Removed Pin From Net: NetName=D Pin=Ud-3
Removed Pin From Net: NetName=VCC- Pin=Ud-4
Removed Pin From Net: NetName=NetR9_1 Pin=Ud-6
Removed Pin From Net: NetName=VCC+ Pin=Ud-7
Removed Pin From Net: NetName=NetC2_1 Pin=Ui-2
Removed Pin From Net: NetName=I Pin=Ui-3
Removed Pin From Net: NetName=VCC- Pin=Ui-4
Removed Pin From Net: NetName=NetC2_2 Pin=Ui-6
Removed Pin From Net: NetName=VCC+ Pin=Ui-7
Removed Pin From Net: NetName=NetR3_2 Pin=Up-2
Removed Pin From Net: NetName=P Pin=Up-3
Removed Pin From Net: NetName=VCC- Pin=Up-4
Removed Pin From Net: NetName=NetR3_1 Pin=Up-6
Removed Pin From Net: NetName=VCC+ Pin=Up-7
Removed Pin From Net: NetName=NetR3_2 Pin=VR1-2
Removed Pin From Net: NetName=NetR11_2 Pin=VR3-3
Removed Member From Class: ClassName=PID_controller Member=Ud
Removed Member From Class: ClassName=PID_controller Member=Ui
Removed Member From Class: ClassName=PID_controller Member=Up
Change Component Designator: OldDesignator=U1 NewDesignator=U
Added Component: Designator=R16(AXIAL-0.4)
Add component. Clean all parameters for all variants
Add component (AddParameter): Name = "LatestRevisionDate"; Value = "17-Jul-2002"; VariantName = "[No Variations]"
Add component (AddParameter): Name = "LatestRevisionNote"; Value = "Re-released for DXP Platform."; VariantName = "[No Variations]"
Add component (AddParameter): Name = "PackageDescription"; Value = "Axial Device, Thru-Hole; 2 Leads; 0.4 in Pin Spacing"; VariantName = "[No Variations]"
Add component (AddParameter): Name = "PackageReference"; Value = "AXIAL-0.4"; VariantName = "[No Variations]"
Add component (AddParameter): Name = "Published"; Value = "8-Jun-2000"; VariantName = "[No Variations]"
Add component (AddParameter): Name = "Publisher"; Value = "Altium Limited"; VariantName = "[No Variations]"
Add component (AddParameter): Name = "Value"; Value = "4.7K"; VariantName = "[No Variations]"
Added Component: Designator=R17(AXIAL-0.4)
Add component. Clean all parameters for all variants
Add component (AddParameter): Name = "LatestRevisionDate"; Value = "17-Jul-2002"; VariantName = "[No Variations]"
Add component (AddParameter): Name = "LatestRevisionNote"; Value = "Re-released for DXP Platform."; VariantName = "[No Variations]"
Add component (AddParameter): Name = "PackageDescription"; Value = "Axial Device, Thru-Hole; 2 Leads; 0.4 in Pin Spacing"; VariantName = "[No Variations]"
Add component (AddParameter): Name = "PackageReference"; Value = "AXIAL-0.4"; VariantName = "[No Variations]"
Add component (AddParameter): Name = "Published"; Value = "8-Jun-2000"; VariantName = "[No Variations]"
Add component (AddParameter): Name = "Publisher"; Value = "Altium Limited"; VariantName = "[No Variations]"
Add component (AddParameter): Name = "Value"; Value = "4.7K"; VariantName = "[No Variations]"
Added Component: Designator=R18(AXIAL-0.4)
Add component. Clean all parameters for all variants
Add component (AddParameter): Name = "LatestRevisionDate"; Value = "17-Jul-2002"; VariantName = "[No Variations]"
Add component (AddParameter): Name = "LatestRevisionNote"; Value = "Re-released for DXP Platform."; VariantName = "[No Variations]"
Add component (AddParameter): Name = "PackageDescription"; Value = "Axial Device, Thru-Hole; 2 Leads; 0.4 in Pin Spacing"; VariantName = "[No Variations]"
Add component (AddParameter): Name = "PackageReference"; Value = "AXIAL-0.4"; VariantName = "[No Variations]"
Add component (AddParameter): Name = "Published"; Value = "8-Jun-2000"; VariantName = "[No Variations]"
Add component (AddParameter): Name = "Publisher"; Value = "Altium Limited"; VariantName = "[No Variations]"
Add component (AddParameter): Name = "Value"; Value = "1K"; VariantName = "[No Variations]"
Added Component: Designator=U1(DIP794W45P254L1969H508Q14)
Add component. Clean all parameters for all variants
Add component (AddParameter): Name = "Availability"; Value = "Good"; VariantName = "[No Variations]"
Add component (AddParameter): Name = "Check_prices"; Value = "https://www.snapeda.com/parts/TL074IN/STMicroelectronics/view-part/481259/?ref=eda"; VariantName = "[No Variations]"
Add component (AddParameter): Name = "MF"; Value = "STMicroelectronics"; VariantName = "[No Variations]"
Add component (AddParameter): Name = "MP"; Value = "TL074IN"; VariantName = "[No Variations]"
Add component (AddParameter): Name = "Package"; Value = "DIP-14 Texas Instruments"; VariantName = "[No Variations]"
Add component (AddParameter): Name = "Price"; Value = "None"; VariantName = "[No Variations]"
Add component (AddParameter): Name = "Purchase-URL"; Value = "https://pricing.snapeda.com/search/part/TL074IN/?ref=eda"; VariantName = "[No Variations]"
Add component (AddParameter): Name = "SnapEDA_Link"; Value = "https://www.snapeda.com/parts/TL074IN/STMicroelectronics/view-part/481259/?ref=snap"; VariantName = "[No Variations]"
Add component (AddParameter): Name = "Value"; Value = ""; VariantName = "[No Variations]"
Added Pin To Net: NetName=NetR3_2 Pin=R6-1
Added Pin To Net: NetName=NetC1_2 Pin=R10-1
Added Pin To Net: NetName=NetR9_1 Pin=R10-2
Added Pin To Net: NetName=NetC2_2 Pin=R12-1
Added Pin To Net: NetName=NetC2_1 Pin=R12-2
Added Pin To Net: NetName=GND Pin=R16-1
Added Pin To Net: NetName=D Pin=R16-2
Added Pin To Net: NetName=GND Pin=R17-1
Added Pin To Net: NetName=I Pin=R17-2
Added Pin To Net: NetName=GND Pin=R18-1
Added Pin To Net: NetName=P Pin=R18-2
Added Pin To Net: NetName=NetR3_2 Pin=U1-1
Added Pin To Net: NetName=NetR3_1 Pin=U1-2
Added Pin To Net: NetName=P Pin=U1-3
Added Pin To Net: NetName=VCC+ Pin=U1-4
Added Pin To Net: NetName=I Pin=U1-5
Added Pin To Net: NetName=NetC2_1 Pin=U1-6
Added Pin To Net: NetName=NetC2_2 Pin=U1-7
Added Pin To Net: NetName=NetR9_1 Pin=U1-8
Added Pin To Net: NetName=NetC1_2 Pin=U1-9
Added Pin To Net: NetName=D Pin=U1-10
Added Pin To Net: NetName=VCC- Pin=U1-11
Added Pin To Net: NetName=NetR3_1 Pin=VR1-2
Added Pin To Net: NetName=NetR11_2 Pin=VR3-1
Added Member To Class: ClassName=PID_controller Member=Component R16 Res2
Added Member To Class: ClassName=PID_controller Member=Component R17 Res2
Added Member To Class: ClassName=PID_controller Member=Component R18 Res2
Added Member To Class: ClassName=PID_controller Member=Component U1 TL074IN
Added Room: Name=PID_controller
